(lldb) target create "/Users/tanghaibo_office/Desktop/Second_Work_Code/third_work/simulateHieraChain/build/bin/hierachain"
Current executable set to '/Users/tanghaibo_office/Desktop/Second_Work_Code/third_work/simulateHieraChain/build/bin/hierachain' (arm64).
(lldb) command source -s 0 'lldb_commands.txt'
Executing commands in '/Users/tanghaibo_office/Desktop/Second_Work_Code/third_work/simulateHieraChain/shard1/lldb_commands.txt'.
(lldb) run
网络模块初始化成功: ../networkConfig

========== Shard Topology Report ==========
Ancestor ID     | Child Shard IDs
-------------------------------------------
5               | [ 1, 2 ]
6               | [ 3, 4 ]
7               | [ 1, 2, 3, 4 ]
===========================================

Access Control List for Shard 1: 72, 15, 93, 41, 28, 56, 84, 9, 63, 37, 100, 22, 78, 44, 5, 91
shard1_inner:2000
shard2_inner:2000
shard3_inner:2000
shard4_inner:2000
shard1_shard2:2000
shard3_shard4:2000
shard2_shard3:2000
解析负载完成...
--- Intra-Shard Txs Distribution ---
[ID: 1] Type: Intra | Count: 2000 | Involved Shards: [1]
[ID: 2] Type: Intra | Count: 2000 | Involved Shards: [2]
[ID: 3] Type: Intra | Count: 2000 | Involved Shards: [3]
[ID: 4] Type: Intra | Count: 2000 | Involved Shards: [4]

--- Cross-Shard Txs Distribution ---
[ID: 5] Type: Cross | Count: 2000 | Involved Shards: [1, 2]
[ID: 6] Type: Cross | Count: 2000 | Involved Shards: [3, 4]
[ID: 7] Type: Cross | Count: 2000 | Involved Shards: [2, 3]

启动分片当前分片1 ...1, tps = 0, 
latency = 0
txsToExecute.size = 5000
收到了来自分片 5的跨片交易任务.....
收到了来自分片 5的跨片交易任务.....
收到了来自分片 5的跨片交易任务.....
收到了来自分片 5的跨片交易任务.....
收到了来自分片 5的跨片交易任务.....
收到了来自分片 5的跨片交易任务.....
收到了来自分片 5的跨片交易任务.....
当前分片1, tps = 5000 , latency = 0.070729
收到了来自分片 5的跨片交易任务.....
txsToExecute.size = 3033
收到了来自分片 5的跨片交易任务.....
收到了来自分片 5的跨片交易任务.....
收到了来自分片 5的跨片交易任务.....
收到了来自分片 5的跨片交易任务.....
收到了来自分片 5的跨片交易任务.....
收到了来自分片 5的跨片交易任务.....
txsToExecute.size = 5000
收到了来自分片 5的跨片交易任务.....
收到了来自分片 5的跨片交易任务.....
收到了来自分片 5的跨片交易任务.....
当前分片1, tps = 7992 , latency = -22.538
收到了来自分片 5的跨片交易任务.....
收到了来自分片 5的跨片交易任务.....
收到了来自分片 5的跨片交易任务.....
收到了来自分片 5的跨片交易任务.....
收到了来自分片 5的跨片交易任务.....
收到了来自分片 5的跨片交易任务.....
txsToExecute.size = 5000
收到了来自分片 5的跨片交易任务.....
收到了来自分片 5的跨片交易任务.....
收到了来自分片 5的跨片交易任务.....
当前分片1, tps = 4928 , latency = -65.2213
收到了来自分片 5的跨片交易任务.....
收到了来自分片 5的跨片交易任务.....
收到了来自分片 5的跨片交易任务.....
txsToExecute.size = 5000
当前分片1, tps = 5000 , latency = 1.607
txsToExecute.size = 5000
当前分片1, tps = 4920 , latency = -72.1276
txsToExecute.size = 5000
当前分片1, tps = 4992 , latency = -5.04744
txsToExecute.size = 5000
当前分片1, tps = 5000 , latency = 1.49522
txsToExecute.size = 5000
当前分片1, tps = 5000 , latency = 2.51075
txsToExecute.size = 5000
当前分片1, tps = 5000 , latency = 3.5163
txsToExecute.size = 5000
当前分片1, tps = 168 , latency = 4.53126
txsToExecute.size = 5000
当前分片1, tps = 3693 , latency = 3.97545
txsToExecute.size = 5000
当前分片1, tps = 5000 , latency = 4.45699
txsToExecute.size = 5000
当前分片1, tps = 5000 , latency = 1.42351
txsToExecute.size = 5000
当前分片1, tps = 4458 , latency = 398559
txsToExecute.size = 5000
当前分片1, tps = 3039 , latency = 5.39682
txsToExecute.size = 5000
当前分片1, tps = 2168 , latency = 6.40696
txsToExecute.size = 5000
当前分片1, tps = 0, latency = 0
txsToExecute.size = 5000
当前分片1, tps = 0, latency = 0
txsToExecute.size = 5000
当前分片1, tps = 2023 , latency = 7.14477
txsToExecute.size = 5000
当前分片1, tps = 5000 , latency = 6.24045
txsToExecute.size = 5000
当前分片1, tps = 3330 , latency = 7.25883
txsToExecute.size = 5000
当前分片1, tps = 4168 , latency = 8.26297
txsToExecute.size = 5000
当前分片1, tps = 1555 , latency = 8.21972
txsToExecute.size = 5000
当前分片1, tps = 925 , latency = 9.23284
txsToExecute.size = 5000
当前分片1, tps = 192 , latency = 9.25405e+06
txsToExecute.size = 5000
当前分片1, tps = 0, latency = 0
txsToExecute.size = 5000
当前分片1, tps = 0, latency = 0
txsToExecute.size = 5000
当前分片1, tps = 4066 , latency = 6.32283
txsToExecute.size = 5000
当前分片1, tps = 5000 , latency = 7.76885
txsToExecute.size = 5000
当前分片1, tps = 5000 , latency = 9.81343
当前分片1, tps = 5000 , latency = 10.0132
txsToExecute.size = 5000
当前分片1, tps = 5000 , latency = 9.74912
txsToExecute.size = 5000
当前分片1, tps = 2832 , latency = 4.63415
txsToExecute.size = 5000
当前分片1, tps = 5000 , latency = 0.31671
txsToExecute.size = 5000
当前分片1, tps = 168 , latency = 0.270624
txsToExecute.size = 5000
当前分片1, tps = 1832 , latency = 1.29017
txsToExecute.size = 5000
当前分片1, tps = 5000 , latency = 2.30376
txsToExecute.size = 5000
