(lldb) target create "/Users/tanghaibo_office/Desktop/Second_Work_Code/third_work/simulateHieraChain/build/bin/hierachain"
Current executable set to '/Users/tanghaibo_office/Desktop/Second_Work_Code/third_work/simulateHieraChain/build/bin/hierachain' (arm64).
(lldb) command source -s 0 'lldb_commands.txt'
Executing commands in '/Users/tanghaibo_office/Desktop/Second_Work_Code/third_work/simulateHieraChain/shard2/lldb_commands.txt'.
(lldb) run
网络模块初始化成功: ../networkConfig

========== Shard Topology Report ==========
Ancestor ID     | Child Shard IDs
-------------------------------------------
5               | [ 1, 2 ]
6               | [ 3, 4 ]
7               | [ 1, 2, 3, 4 ]
===========================================

Access Control List for Shard 2: 68, 12, 49, 87, 33, 59, 76, 2, 96, 19, 81, 55, 30, 64, 11, 47, 8, 95, 25, 70, 39, 52, 17
shard1_inner:2000
shard2_inner:2000
shard3_inner:2000
shard4_inner:2000
shard1_shard2:2000
shard3_shard4:2000
shard2_shard3:2000
解析负载完成...
--- Intra-Shard Txs Distribution ---
[ID: 1] Type: Intra | Count: 2000 | Involved Shards: [1]
[ID: 2] Type: Intra | Count: 2000 | Involved Shards: [2]
[ID: 3] Type: Intra | Count: 2000 | Involved Shards: [3]
[ID: 4] Type: Intra | Count: 2000 | Involved Shards: [4]

--- Cross-Shard Txs Distribution ---
[ID: 5] Type: Cross | Count: 2000 | Involved Shards: [1, 2]
[ID: 6] Type: Cross | Count: 2000 | Involved Shards: [3, 4]
[ID: 7] Type: Cross | Count: 2000 | Involved Shards: [2, 3]

启动分片2 ...
当前分片2, tps = 0, latency = 0
txsToExecute.size = 5000
收到了来自分片 5的跨片交易任务.....
收到了来自分片 5的跨片交易任务.....
收到了来自分片 5的跨片交易任务.....
收到了来自分片 5的跨片交易任务.....
收到了来自分片 5的跨片交易任务.....
收到了来自分片 5的跨片交易任务.....
收到了来自分片 5的跨片交易任务.....
收到了来自分片 5的跨片交易任务.....
当前分片2, tps = 5000 , latency = 0.0471549
收到了来自分片 5的跨片交易任务.....
txsToExecute.size = 3037
Process 53523 launched: '/Users/tanghaibo_office/Desktop/Second_Work_Code/third_work/simulateHieraChain/build/bin/hierachain' (arm64)
Process 53523 stopped
* thread #5, stop reason = EXC_BAD_ACCESS (code=1, address=0x170142b60)
    frame #0: 0x0000000100049870 hierachain`Shard::runExecution(this=0x0000000144605610) at shard.cpp:222:21
   219 	        for (auto tx : txsToExecute) {
   220 	            // 因为 tx 是指针，使用 -> 访问成员            
   221 	            // 执行具体逻辑
-> 222 	            if (tx->type == 1) { // 片内交易
    	                    ^
   223 	                existIntraTransactions = true;
   224 	                simulateExecution();
   225 	                executedIntraTxCount++;
Target 0: (hierachain) stopped.
(lldb) bt
* thread #5, stop reason = EXC_BAD_ACCESS (code=1, address=0x170142b60)
  * frame #0: 0x0000000100049870 hierachain`Shard::runExecution(this=0x0000000144605610) at shard.cpp:222:21
    frame #1: 0x0000000100055338 hierachain`Shard::start()::$_2::operator()(this=0x00000001451041c8) const at shard.cpp:339:9
    frame #3: 0x00000001000552c4 hierachain`void std::__1::__thread_execute[abi:ne190102]<std::__1::unique_ptr<std::__1::__thread_struct, std::__1::default_delete<std::__1::__thread_struct>>, Shard::start()::$_2>(__t=size=2, (null)=__tuple_indices<> @ 0x000000017002af7f) at thread.h:198:3
    frame #4: 0x0000000100054fd4 hierachain`void* std::__1::__thread_proxy[abi:ne190102]<std::__1::tuple<std::__1::unique_ptr<std::__1::__thread_struct, std::__1::default_delete<std::__1::__thread_struct>>, Shard::start()::$_2>>(__vp=0x00000001451041c0) at thread.h:207:3
    frame #5: 0x000000018d11fc0c libsystem_pthread.dylib`_pthread_start + 136
(lldb) quit
